RUN	com.gatling.tests.apis.PostPutDeleteAPIDemo	postputdeleteapidemo	1698192426815	test run 4	3.6.1
USER	Create User	START	1698192428252
USER	Update User	START	1698192428268
USER	Create User	START	1698192428747
USER	Update User	START	1698192428747
REQUEST		create user req	1698192428326	1698192428842	KO	jsonPath($.name).find.is(Cesarh), but actually found morpheus
REQUEST		update user	1698192428326	1698192428842	KO	jsonPath($.name).find.is(Cesarh), but actually found morpheus
REQUEST		create user req	1698192428747	1698192429236	KO	jsonPath($.name).find.is(Cesarh), but actually found morpheus
USER	Create User	START	1698192429240
REQUEST		update user	1698192428747	1698192429246	KO	jsonPath($.name).find.is(Cesarh), but actually found morpheus
USER	Update User	START	1698192429256
REQUEST		create user req	1698192429240	1698192429720	KO	jsonPath($.name).find.is(Cesarh), but actually found morpheus
REQUEST		update user	1698192429257	1698192429736	KO	jsonPath($.name).find.is(Cesarh), but actually found morpheus
USER	Create User	START	1698192429746
USER	Update User	START	1698192429746
USER	Update User	END	1698192429971
USER	Create User	END	1698192429971
REQUEST		update user	1698192429747	1698192430218	KO	jsonPath($.name).find.is(Cesarh), but actually found morpheus
REQUEST		create user req	1698192429747	1698192430220	KO	jsonPath($.name).find.is(Cesarh), but actually found morpheus
USER	Create User	END	1698192430251
USER	Update User	END	1698192430251
USER	Create User	START	1698192430251
USER	Update User	START	1698192430251
REQUEST		create user req	1698192430251	1698192430719	KO	jsonPath($.name).find.is(Cesarh), but actually found morpheus
USER	Create User	END	1698192430736
USER	Create User	START	1698192430736
REQUEST		update user	1698192430251	1698192430750	KO	jsonPath($.name).find.is(Cesarh), but actually found morpheus
USER	Update User	END	1698192430753
USER	Create User	END	1698192431223
USER	Update User	END	1698192431223
REQUEST		create user req	1698192430736	1698192431234	KO	jsonPath($.name).find.is(Cesarh), but actually found morpheus
USER	Create User	START	1698192431238
USER	Create User	END	1698192431727
REQUEST		create user req	1698192431239	1698192431727	KO	jsonPath($.name).find.is(Cesarh), but actually found morpheus
USER	Create User	START	1698192431742
USER	Update User	END	1698192431758
REQUEST		create user req	1698192431742	1698192432216	KO	jsonPath($.name).find.is(Cesarh), but actually found morpheus
USER	Create User	START	1698192432236
USER	Create User	END	1698192432250
USER	Create User	END	1698192432738
USER	Create User	START	1698192432738
REQUEST		create user req	1698192432237	1698192432745	KO	jsonPath($.name).find.is(Cesarh), but actually found morpheus
REQUEST		create user req	1698192432738	1698192433204	KO	jsonPath($.name).find.is(Cesarh), but actually found morpheus
USER	Create User	END	1698192433227
USER	Create User	END	1698192433748
USER	Create User	END	1698192434221
