RUN	com.gatling.tests.apis.Ejercicio1	ejercicio1	1698170003399	Test Demo Hard 1	3.6.1
USER	List Users	START	1698170005088
USER	Get User Details	START	1698170005106
USER	Delete User	START	1698170005102
USER	Create User	START	1698170005099
USER	Update User	START	1698170005112
REQUEST		List Users Request	1698170005155	1698170005427	OK	 
USER	List Users	END	1698170005461
REQUEST		Get User Details Request	1698170005155	1698170005434	OK	 
USER	Get User Details	END	1698170005531
REQUEST		Update User Request	1698170005155	1698170005659	OK	 
USER	Update User	END	1698170005664
REQUEST		Create User Request	1698170005155	1698170005663	OK	 
USER	Create User	END	1698170005666
REQUEST		Delete User Request	1698170005155	1698170005671	OK	 
USER	Delete User	END	1698170005675
USER	Create User	START	1698170006067
USER	List Users	START	1698170006075
USER	Update User	START	1698170006079
USER	Delete User	START	1698170006079
USER	Get User Details	START	1698170006083
REQUEST		List Users Request	1698170006076	1698170006321	OK	 
USER	List Users	END	1698170006323
REQUEST		Get User Details Request	1698170006084	1698170006330	OK	 
USER	Get User Details	END	1698170006333
REQUEST		Update User Request	1698170006079	1698170006559	OK	 
REQUEST		Create User Request	1698170006068	1698170006563	OK	 
USER	Update User	END	1698170006561
USER	Create User	END	1698170006566
REQUEST		Delete User Request	1698170006079	1698170006572	OK	 
USER	Delete User	END	1698170006574
USER	Create User	START	1698170007083
USER	List Users	START	1698170007090
USER	Delete User	START	1698170007092
USER	Update User	START	1698170007094
USER	Get User Details	START	1698170007097
REQUEST		Get User Details Request	1698170007098	1698170007335	OK	 
USER	Get User Details	END	1698170007337
REQUEST		List Users Request	1698170007091	1698170007347	OK	 
USER	List Users	END	1698170007349
REQUEST		Create User Request	1698170007084	1698170007561	OK	 
USER	Create User	END	1698170007563
REQUEST		Update User Request	1698170007095	1698170007571	OK	 
USER	Update User	END	1698170007573
REQUEST		Delete User Request	1698170007094	1698170007575	OK	 
USER	Delete User	END	1698170007577
USER	Get User Details	START	1698170008076
USER	Delete User	START	1698170008080
USER	List Users	START	1698170008087
USER	Create User	START	1698170008088
USER	Update User	START	1698170008088
REQUEST		Get User Details Request	1698170008077	1698170008316	OK	 
REQUEST		List Users Request	1698170008088	1698170008316	OK	 
USER	Get User Details	END	1698170008318
USER	List Users	END	1698170008318
REQUEST		Delete User Request	1698170008081	1698170008550	OK	 
USER	Delete User	END	1698170008552
REQUEST		Create User Request	1698170008090	1698170008553	OK	 
USER	Create User	END	1698170008556
REQUEST		Update User Request	1698170008091	1698170008571	OK	 
USER	Update User	END	1698170008573
USER	Get User Details	START	1698170009071
USER	Update User	START	1698170009074
USER	Delete User	START	1698170009077
USER	Create User	START	1698170009079
USER	List Users	START	1698170009079
REQUEST		Get User Details Request	1698170009072	1698170009307	OK	 
USER	Get User Details	END	1698170009309
REQUEST		List Users Request	1698170009079	1698170009316	OK	 
USER	List Users	END	1698170009317
REQUEST		Create User Request	1698170009079	1698170009545	OK	 
USER	Create User	END	1698170009547
REQUEST		Delete User Request	1698170009079	1698170009555	OK	 
USER	Delete User	END	1698170009557
REQUEST		Update User Request	1698170009075	1698170009572	OK	 
USER	Update User	END	1698170009574
