RUN	com.gatling.tests.apis.Ejercicio2	ejercicio2	1698170086736	Test Demo PokeAPI 1	3.6.1
USER	List Pokemon	START	1698170088105
USER	Get Overgrow Ability	START	1698170088108
USER	Get Pallet Town Details	START	1698170088124
USER	Search Electric Pokemon	START	1698170088122
USER	Get Pikachu Details	START	1698170088126
USER	Get Tackle Move Details	START	1698170088104
REQUEST		List Pokemon Request	1698170088176	1698170088444	OK	 
USER	List Pokemon	END	1698170088490
REQUEST		Search Electric Pokemon Request	1698170088176	1698170088491	OK	 
USER	Search Electric Pokemon	END	1698170088493
REQUEST		Get Overgrow Ability Request	1698170088176	1698170088461	OK	 
USER	Get Overgrow Ability	END	1698170088553
REQUEST		Get Pikachu Details Request	1698170088175	1698170088634	OK	 
USER	Get Pikachu Details	END	1698170088657
USER	Get Pikachu Details	START	1698170089080
USER	Get Overgrow Ability	START	1698170089080
USER	Get Pallet Town Details	START	1698170089081
USER	Search Electric Pokemon	START	1698170089095
USER	Get Tackle Move Details	START	1698170089095
USER	List Pokemon	START	1698170089095
REQUEST		Get Tackle Move Details Request	1698170088175	1698170089136	OK	 
USER	Get Tackle Move Details	END	1698170089142
REQUEST		Get Overgrow Ability Request	1698170089081	1698170089344	OK	 
REQUEST		Search Electric Pokemon Request	1698170089095	1698170089348	OK	 
REQUEST		List Pokemon Request	1698170089096	1698170089350	OK	 
USER	Get Overgrow Ability	END	1698170089349
USER	Search Electric Pokemon	END	1698170089350
USER	List Pokemon	END	1698170089353
REQUEST		Get Tackle Move Details Request	1698170089095	1698170089431	OK	 
USER	Get Tackle Move Details	END	1698170089435
REQUEST		Get Pikachu Details Request	1698170089081	1698170089549	OK	 
USER	Get Pikachu Details	END	1698170089560
USER	Get Pikachu Details	START	1698170090091
USER	Get Tackle Move Details	START	1698170090097
USER	List Pokemon	START	1698170090101
USER	Get Pallet Town Details	START	1698170090103
USER	Get Overgrow Ability	START	1698170090107
USER	Search Electric Pokemon	START	1698170090111
REQUEST		Get Pallet Town Details Request	1698170089081	1698170090085	KO	status.find.is(200), but actually found 404
REQUEST		Get Pallet Town Details Request	1698170088175	1698170090087	KO	status.find.is(200), but actually found 404
USER	Get Pallet Town Details	END	1698170090117
USER	Get Pallet Town Details	END	1698170090117
REQUEST		Get Pallet Town Details Request	1698170090103	1698170090345	KO	status.find.is(200), but actually found 404
REQUEST		List Pokemon Request	1698170090102	1698170090350	OK	 
USER	Get Pallet Town Details	END	1698170090349
USER	List Pokemon	END	1698170090352
REQUEST		Search Electric Pokemon Request	1698170090113	1698170090355	OK	 
USER	Search Electric Pokemon	END	1698170090357
REQUEST		Get Overgrow Ability Request	1698170090108	1698170090357	OK	 
USER	Get Overgrow Ability	END	1698170090361
REQUEST		Get Tackle Move Details Request	1698170090097	1698170090424	OK	 
USER	Get Tackle Move Details	END	1698170090427
REQUEST		Get Pikachu Details Request	1698170090092	1698170090513	OK	 
USER	Get Pikachu Details	END	1698170090518
USER	Get Pikachu Details	START	1698170091079
USER	Get Overgrow Ability	START	1698170091079
USER	List Pokemon	START	1698170091083
USER	Get Tackle Move Details	START	1698170091083
USER	Search Electric Pokemon	START	1698170091083
USER	Get Pallet Town Details	START	1698170091083
REQUEST		Search Electric Pokemon Request	1698170091083	1698170091324	OK	 
REQUEST		Get Overgrow Ability Request	1698170091080	1698170091324	OK	 
REQUEST		List Pokemon Request	1698170091083	1698170091327	OK	 
REQUEST		Get Pallet Town Details Request	1698170091083	1698170091327	KO	status.find.is(200), but actually found 404
USER	Search Electric Pokemon	END	1698170091326
USER	Get Overgrow Ability	END	1698170091327
USER	List Pokemon	END	1698170091329
USER	Get Pallet Town Details	END	1698170091330
REQUEST		Get Tackle Move Details Request	1698170091083	1698170091394	OK	 
USER	Get Tackle Move Details	END	1698170091397
REQUEST		Get Pikachu Details Request	1698170091080	1698170091531	OK	 
USER	Get Pikachu Details	END	1698170091537
USER	Get Tackle Move Details	START	1698170092081
USER	Search Electric Pokemon	START	1698170092083
USER	Get Overgrow Ability	START	1698170092081
USER	List Pokemon	START	1698170092088
USER	Get Pallet Town Details	START	1698170092088
USER	Get Pikachu Details	START	1698170092091
REQUEST		List Pokemon Request	1698170092089	1698170092322	OK	 
REQUEST		Search Electric Pokemon Request	1698170092084	1698170092323	OK	 
USER	List Pokemon	END	1698170092325
USER	Search Electric Pokemon	END	1698170092326
REQUEST		Get Overgrow Ability Request	1698170092083	1698170092327	OK	 
USER	Get Overgrow Ability	END	1698170092330
REQUEST		Get Pallet Town Details Request	1698170092089	1698170092329	KO	status.find.is(200), but actually found 404
USER	Get Pallet Town Details	END	1698170092332
REQUEST		Get Tackle Move Details Request	1698170092081	1698170092383	OK	 
USER	Get Tackle Move Details	END	1698170092385
REQUEST		Get Pikachu Details Request	1698170092092	1698170092527	OK	 
USER	Get Pikachu Details	END	1698170092532
